#
# There is insufficient memory for the Java Runtime Environment to continue.
# Native memory allocation (malloc) failed to allocate 794656 bytes for Chunk::new
# Possible reasons:
#   The system is out of physical RAM or swap space
#   The process is running with CompressedOops enabled, and the Java Heap may be blocking the growth of the native heap
# Possible solutions:
#   Reduce memory load on the system
#   Increase physical memory or swap space
#   Check if swap backing store is full
#   Decrease Java heap size (-Xmx/-Xms)
#   Decrease number of Java threads
#   Decrease Java thread stack sizes (-Xss)
#   Set larger code cache with -XX:ReservedCodeCacheSize=
#   JVM is running with Unscaled Compressed Oops mode in which the Java heap is
#     placed in the first 4GB address space. The Java Heap base address is the
#     maximum limit for the native heap growth. Please use -XX:HeapBaseMinAddress
#     to set the Java Heap base and to place the Java Heap above 4GB virtual address.
# This output file may be truncated or incomplete.
#
#  Out of Memory Error (arena.cpp:189), pid=21824, tid=18024
#
# JRE version: Java(TM) SE Runtime Environment (17.0.12+8) (build 17.0.12+8-LTS-286)
# Java VM: Java HotSpot(TM) 64-Bit Server VM (17.0.12+8-LTS-286, mixed mode, sharing, tiered, compressed oops, compressed class ptrs, g1 gc, windows-amd64)
# No core dump will be written. Minidumps are not enabled by default on client versions of Windows
#

---------------  S U M M A R Y ------------

Command Line: --add-opens=java.base/java.util=ALL-UNNAMED --add-opens=java.base/java.lang=ALL-UNNAMED --add-opens=java.base/java.lang.invoke=ALL-UNNAMED --add-opens=java.prefs/java.util.prefs=ALL-UNNAMED --add-opens=java.base/java.nio.charset=ALL-UNNAMED --add-opens=java.base/java.net=ALL-UNNAMED --add-opens=java.base/java.util.concurrent.atomic=ALL-UNNAMED -Xmx2048m -Dfile.encoding=UTF-8 -Duser.country=US -Duser.language=en -Duser.variant -javaagent:C:\Users\sohai\.gradle\wrapper\dists\gradle-8.7-bin\bhs2wmbdwecv87pi65oeuq5iu\gradle-8.7\lib\agents\gradle-instrumentation-agent-8.7.jar org.gradle.launcher.daemon.bootstrap.GradleDaemon 8.7

Host: 11th Gen Intel(R) Core(TM) i3-1115G4 @ 3.00GHz, 4 cores, 7G,  Windows 11 , 64 bit Build 26100 (10.0.26100.7705)
Time: Mon Feb 23 16:30:07 2026 India Standard Time elapsed time: 46.666418 seconds (0d 0h 0m 46s)

---------------  T H R E A D  ---------------

Current thread (0x000001a3b0d64130):  JavaThread "C2 CompilerThread0" daemon [_thread_in_native, id=18024, stack(0x0000002444f00000,0x0000002445000000)]


Current CompileTask:
C2:  46666 8626   !   4       jdk.internal.loader.Resource::getBytes (244 bytes)

Stack: [0x0000002444f00000,0x0000002445000000]
Native frames: (J=compiled Java code, j=interpreted, Vv=VM code, C=native code)
V  [jvm.dll+0x67a04a]
V  [jvm.dll+0x7da4ed]
V  [jvm.dll+0x7dbe33]
V  [jvm.dll+0x7dc4a3]
V  [jvm.dll+0x24508f]
V  [jvm.dll+0xab773]
V  [jvm.dll+0xabd3c]
V  [jvm.dll+0x361bee]
V  [jvm.dll+0x32c431]
V  [jvm.dll+0x32b8ca]
V  [jvm.dll+0x21683f]
V  [jvm.dll+0x215c6f]
V  [jvm.dll+0x1a2960]
V  [jvm.dll+0x22610b]
V  [jvm.dll+0x2242ab]
V  [jvm.dll+0x79075c]
V  [jvm.dll+0x78abea]
V  [jvm.dll+0x678f35]
C  [ucrtbase.dll+0x37b0]
C  [KERNEL32.DLL+0x2e8d7]
C  [ntdll.dll+0x8c40c]


---------------  P R O C E S S  ---------------

Threads class SMR info:
_java_thread_list=0x000001a3faa07d70, length=44, elements={
0x000001a3914985d0, 0x000001a3b0d49460, 0x000001a3b0d4aaa0, 0x000001a3b0d5fab0,
0x000001a3b0d62390, 0x000001a3b0d62c60, 0x000001a3b0d63530, 0x000001a3b0d64130,
0x000001a3b0db7e60, 0x000001a3b0dd8250, 0x000001a3f6095180, 0x000001a3f61cc310,
0x000001a3f6a35090, 0x000001a3f836fc80, 0x000001a3f60b4b10, 0x000001a3f6346ba0,
0x000001a3f81e72e0, 0x000001a3f6e7a170, 0x000001a3f6e79750, 0x000001a3f6e79c60,
0x000001a3f6e79240, 0x000001a3f6e7b0a0, 0x000001a3f6e7bac0, 0x000001a3f6e7c4e0,
0x000001a3f6e78d30, 0x000001a3f6e7a680, 0x000001a3f6e7ab90, 0x000001a3f6e7b5b0,
0x000001a3f7fe3d10, 0x000001a3f7fe4730, 0x000001a3f7fe5150, 0x000001a3f7fe32f0,
0x000001a3f7fe23c0, 0x000001a3f7fe1eb0, 0x000001a3f7fe2de0, 0x000001a3f7fe4c40,
0x000001a3f7fe5b70, 0x000001a3f7fe6080, 0x000001a3f7fe28d0, 0x000001a3f7fe6590,
0x000001a3f7fe6aa0, 0x000001a3f7fe6fb0, 0x000001a3f7fe79d0, 0x000001a3fa797b70
}

Java Threads: ( => current thread )
  0x000001a3914985d0 JavaThread "main" [_thread_blocked, id=21724, stack(0x0000002444200000,0x0000002444300000)]
  0x000001a3b0d49460 JavaThread "Reference Handler" daemon [_thread_blocked, id=10720, stack(0x0000002444900000,0x0000002444a00000)]
  0x000001a3b0d4aaa0 JavaThread "Finalizer" daemon [_thread_blocked, id=3596, stack(0x0000002444a00000,0x0000002444b00000)]
  0x000001a3b0d5fab0 JavaThread "Signal Dispatcher" daemon [_thread_blocked, id=6940, stack(0x0000002444b00000,0x0000002444c00000)]
  0x000001a3b0d62390 JavaThread "Attach Listener" daemon [_thread_blocked, id=14828, stack(0x0000002444c00000,0x0000002444d00000)]
  0x000001a3b0d62c60 JavaThread "Service Thread" daemon [_thread_blocked, id=7400, stack(0x0000002444d00000,0x0000002444e00000)]
  0x000001a3b0d63530 JavaThread "Monitor Deflation Thread" daemon [_thread_blocked, id=18096, stack(0x0000002444e00000,0x0000002444f00000)]
=>0x000001a3b0d64130 JavaThread "C2 CompilerThread0" daemon [_thread_in_native, id=18024, stack(0x0000002444f00000,0x0000002445000000)]
  0x000001a3b0db7e60 JavaThread "C1 CompilerThread0" daemon [_thread_blocked, id=5960, stack(0x0000002445000000,0x0000002445100000)]
  0x000001a3b0dd8250 JavaThread "Sweeper thread" daemon [_thread_blocked, id=5116, stack(0x0000002445100000,0x0000002445200000)]
  0x000001a3f6095180 JavaThread "Common-Cleaner" daemon [_thread_blocked, id=23376, stack(0x0000002445200000,0x0000002445300000)]
  0x000001a3f61cc310 JavaThread "Notification Thread" daemon [_thread_blocked, id=23992, stack(0x0000002445300000,0x0000002445400000)]
  0x000001a3f6a35090 JavaThread "Daemon health stats" [_thread_blocked, id=1060, stack(0x0000002445800000,0x0000002445900000)]
  0x000001a3f836fc80 JavaThread "Incoming local TCP Connector on port 61613" [_thread_in_native, id=4004, stack(0x0000002445900000,0x0000002445a00000)]
  0x000001a3f60b4b10 JavaThread "Daemon periodic checks" [_thread_blocked, id=22728, stack(0x0000002445a00000,0x0000002445b00000)]
  0x000001a3f6346ba0 JavaThread "Daemon" [_thread_blocked, id=11720, stack(0x0000002445b00000,0x0000002445c00000)]
  0x000001a3f81e72e0 JavaThread "Handler for socket connection from /127.0.0.1:61613 to /127.0.0.1:61614" [_thread_in_native, id=19056, stack(0x0000002445c00000,0x0000002445d00000)]
  0x000001a3f6e7a170 JavaThread "Cancel handler" [_thread_blocked, id=19932, stack(0x0000002445d00000,0x0000002445e00000)]
  0x000001a3f6e79750 JavaThread "Daemon worker" [_thread_in_native, id=22460, stack(0x0000002445e00000,0x0000002445f00000)]
  0x000001a3f6e79c60 JavaThread "Asynchronous log dispatcher for DefaultDaemonConnection: socket connection from /127.0.0.1:61613 to /127.0.0.1:61614" [_thread_blocked, id=22972, stack(0x0000002445f00000,0x0000002446000000)]
  0x000001a3f6e79240 JavaThread "Stdin handler" [_thread_blocked, id=21356, stack(0x0000002446000000,0x0000002446100000)]
  0x000001a3f6e7b0a0 JavaThread "Daemon client event forwarder" [_thread_blocked, id=17480, stack(0x0000002446100000,0x0000002446200000)]
  0x000001a3f6e7bac0 JavaThread "Cache worker for journal cache (C:\Users\sohai\.gradle\caches\journal-1)" [_thread_blocked, id=22032, stack(0x0000002446200000,0x0000002446300000)]
  0x000001a3f6e7c4e0 JavaThread "File lock request listener" [_thread_in_native, id=21336, stack(0x0000002446300000,0x0000002446400000)]
  0x000001a3f6e78d30 JavaThread "Cache worker for file hash cache (C:\Users\sohai\.gradle\caches\8.7\fileHashes)" [_thread_blocked, id=16952, stack(0x0000002446400000,0x0000002446500000)]
  0x000001a3f6e7a680 JavaThread "Cache worker for file hash cache (C:\Users\sohai\Antigravity\TransactionTracker\.gradle\8.7\fileHashes)" [_thread_blocked, id=2864, stack(0x0000002446500000,0x0000002446600000)]
  0x000001a3f6e7ab90 JavaThread "File watcher server" daemon [_thread_in_native, id=4764, stack(0x0000002446600000,0x0000002446700000)]
  0x000001a3f6e7b5b0 JavaThread "File watcher consumer" daemon [_thread_blocked, id=21452, stack(0x0000002446700000,0x0000002446800000)]
  0x000001a3f7fe3d10 JavaThread "Cache worker for checksums cache (C:\Users\sohai\Antigravity\TransactionTracker\.gradle\8.7\checksums)" [_thread_blocked, id=8304, stack(0x0000002446800000,0x0000002446900000)]
  0x000001a3f7fe4730 JavaThread "Cache worker for cache directory md-supplier (C:\Users\sohai\.gradle\caches\8.7\md-supplier)" [_thread_blocked, id=17664, stack(0x0000002446900000,0x0000002446a00000)]
  0x000001a3f7fe5150 JavaThread "Cache worker for cache directory md-rule (C:\Users\sohai\.gradle\caches\8.7\md-rule)" [_thread_blocked, id=22132, stack(0x0000002446a00000,0x0000002446b00000)]
  0x000001a3f7fe32f0 JavaThread "Cache worker for file content cache (C:\Users\sohai\.gradle\caches\8.7\fileContent)" [_thread_blocked, id=12004, stack(0x0000002446b00000,0x0000002446c00000)]
  0x000001a3f7fe23c0 JavaThread "File lock release action executor" [_thread_blocked, id=24312, stack(0x0000002446d00000,0x0000002446e00000)]
  0x000001a3f7fe1eb0 JavaThread "jar transforms" [_thread_blocked, id=17184, stack(0x0000002446e00000,0x0000002446f00000)]
  0x000001a3f7fe2de0 JavaThread "jar transforms Thread 2" [_thread_blocked, id=3664, stack(0x0000002446f00000,0x0000002447000000)]
  0x000001a3f7fe4c40 JavaThread "Cache worker for Build Output Cleanup Cache (C:\Users\sohai\Antigravity\TransactionTracker\.gradle\buildOutputCleanup)" [_thread_blocked, id=22004, stack(0x0000002447300000,0x0000002447400000)]
  0x000001a3f7fe5b70 JavaThread "Unconstrained build operations" [_thread_blocked, id=13412, stack(0x0000002447400000,0x0000002447500000)]
  0x000001a3f7fe6080 JavaThread "Unconstrained build operations Thread 2" [_thread_blocked, id=23640, stack(0x0000002447500000,0x0000002447600000)]
  0x000001a3f7fe28d0 JavaThread "Unconstrained build operations Thread 3" [_thread_blocked, id=21260, stack(0x0000002447600000,0x0000002447700000)]
  0x000001a3f7fe6590 JavaThread "Unconstrained build operations Thread 4" [_thread_blocked, id=7740, stack(0x0000002447200000,0x0000002447300000)]
  0x000001a3f7fe6aa0 JavaThread "Unconstrained build operations Thread 5" [_thread_blocked, id=15328, stack(0x0000002447700000,0x0000002447800000)]
  0x000001a3f7fe6fb0 JavaThread "Unconstrained build operations Thread 6" [_thread_blocked, id=24456, stack(0x0000002447800000,0x0000002447900000)]
  0x000001a3f7fe79d0 JavaThread "Memory manager" [_thread_blocked, id=24536, stack(0x0000002447900000,0x0000002447a00000)]
  0x000001a3fa797b70 JavaThread "C2 CompilerThread1" daemon [_thread_in_native, id=8456, stack(0x0000002447a00000,0x0000002447b00000)]

Other Threads:
  0x000001a3b0d42af0 VMThread "VM Thread" [stack: 0x0000002444800000,0x0000002444900000] [id=15668]
  0x000001a39149a110 WatcherThread [stack: 0x0000002445400000,0x0000002445500000] [id=6092]
  0x000001a39137e820 GCTaskThread "GC Thread#0" [stack: 0x0000002444300000,0x0000002444400000] [id=17924]
  0x000001a3f65130e0 GCTaskThread "GC Thread#1" [stack: 0x0000002445600000,0x0000002445700000] [id=9408]
  0x000001a3f6428780 GCTaskThread "GC Thread#2" [stack: 0x0000002445700000,0x0000002445800000] [id=18540]
  0x000001a3f6442120 GCTaskThread "GC Thread#3" [stack: 0x0000002445500000,0x0000002445600000] [id=21776]
  0x000001a391501b70 ConcurrentGCThread "G1 Main Marker" [stack: 0x0000002444400000,0x0000002444500000] [id=20500]
  0x000001a3915034a0 ConcurrentGCThread "G1 Conc#0" [stack: 0x0000002444500000,0x0000002444600000] [id=18388]
  0x000001a391557f20 ConcurrentGCThread "G1 Refine#0" [stack: 0x0000002444600000,0x0000002444700000] [id=16996]
  0x000001a3f6e67210 ConcurrentGCThread "G1 Refine#1" [stack: 0x0000002446c00000,0x0000002446d00000] [id=15544]
  0x000001a391558860 ConcurrentGCThread "G1 Service" [stack: 0x0000002444700000,0x0000002444800000] [id=20156]

Threads with active compile tasks:
C2 CompilerThread0    46688 8626   !   4       jdk.internal.loader.Resource::getBytes (244 bytes)
C2 CompilerThread1    46689 8631       4       jdk.internal.loader.URLClassPath$JarLoader$2::getBytes (48 bytes)

VM state: not at safepoint (normal execution)

VM Mutex/Monitor currently owned by a thread: None

Heap address: 0x0000000080000000, size: 2048 MB, Compressed Oops mode: 32-bit

CDS archive(s) mapped at: [0x000001a3b1000000-0x000001a3b1bd0000-0x000001a3b1bd0000), size 12386304, SharedBaseAddress: 0x000001a3b1000000, ArchiveRelocationMode: 1.
Compressed class space mapped at: 0x000001a3b2000000-0x000001a3f2000000, reserved size: 1073741824
Narrow klass base: 0x000001a3b1000000, Narrow klass shift: 0, Narrow klass range: 0x100000000

GC Precious Log:
 CPUs: 4 total, 4 available
 Memory: 7894M
 Large Page Support: Disabled
 NUMA Support: Disabled
 Compressed Oops: Enabled (32-bit)
 Heap Region Size: 1M
 Heap Min Capacity: 8M
 Heap Initial Capacity: 124M
 Heap Max Capacity: 2G
 Pre-touch: Disabled
 Parallel Workers: 4
 Concurrent Workers: 1
 Concurrent Refinement Workers: 4
 Periodic GC: Disabled

Heap:
 garbage-first heap   total 146432K, used 92822K [0x0000000080000000, 0x0000000100000000)
  region size 1024K, 19 young (19456K), 4 survivors (4096K)
 Metaspace       used 62563K, committed 63104K, reserved 1114112K
  class space    used 8510K, committed 8768K, reserved 1048576K

Heap Regions: E=young(eden), S=young(survivor), O=old, HS=humongous(starts), HC=humongous(continues), CS=collection set, F=free, OA=open archive, CA=closed archive, TAMS=top-at-mark-start (previous, next)
|   0|0x0000000080000000, 0x0000000080100000, 0x0000000080100000|100%| O|  |TAMS 0x0000000080100000, 0x0000000080000000| Untracked 
|   1|0x0000000080100000, 0x0000000080200000, 0x0000000080200000|100%|HS|  |TAMS 0x0000000080200000, 0x0000000080100000| Complete 
|   2|0x0000000080200000, 0x0000000080300000, 0x0000000080300000|100%|HC|  |TAMS 0x0000000080300000, 0x0000000080200000| Complete 
|   3|0x0000000080300000, 0x0000000080400000, 0x0000000080400000|100%|HC|  |TAMS 0x0000000080400000, 0x0000000080300000| Complete 
|   4|0x0000000080400000, 0x0000000080500000, 0x0000000080500000|100%|HC|  |TAMS 0x0000000080500000, 0x0000000080400000| Complete 
|   5|0x0000000080500000, 0x0000000080600000, 0x0000000080600000|100%| O|  |TAMS 0x0000000080600000, 0x0000000080500000| Untracked 
|   6|0x0000000080600000, 0x0000000080700000, 0x0000000080700000|100%| O|  |TAMS 0x0000000080700000, 0x0000000080600000| Untracked 
|   7|0x0000000080700000, 0x0000000080800000, 0x0000000080800000|100%| O|  |TAMS 0x0000000080800000, 0x0000000080700000| Untracked 
|   8|0x0000000080800000, 0x0000000080900000, 0x0000000080900000|100%| O|  |TAMS 0x0000000080900000, 0x0000000080800000| Untracked 
|   9|0x0000000080900000, 0x0000000080a00000, 0x0000000080a00000|100%| O|  |TAMS 0x0000000080a00000, 0x0000000080900000| Untracked 
|  10|0x0000000080a00000, 0x0000000080b00000, 0x0000000080b00000|100%| O|  |TAMS 0x0000000080b00000, 0x0000000080a00000| Untracked 
|  11|0x0000000080b00000, 0x0000000080c00000, 0x0000000080c00000|100%| O|  |TAMS 0x0000000080c00000, 0x0000000080b00000| Untracked 
|  12|0x0000000080c00000, 0x0000000080d00000, 0x0000000080d00000|100%| O|  |TAMS 0x0000000080d00000, 0x0000000080c00000| Untracked 
|  13|0x0000000080d00000, 0x0000000080e00000, 0x0000000080e00000|100%| O|  |TAMS 0x0000000080e00000, 0x0000000080d00000| Untracked 
|  14|0x0000000080e00000, 0x0000000080f00000, 0x0000000080f00000|100%| O|  |TAMS 0x0000000080f00000, 0x0000000080e00000| Untracked 
|  15|0x0000000080f00000, 0x0000000081000000, 0x0000000081000000|100%| O|  |TAMS 0x0000000081000000, 0x0000000080f00000| Untracked 
|  16|0x0000000081000000, 0x0000000081100000, 0x0000000081100000|100%| O|  |TAMS 0x0000000081100000, 0x0000000081000000| Untracked 
|  17|0x0000000081100000, 0x0000000081200000, 0x0000000081200000|100%| O|  |TAMS 0x0000000081200000, 0x0000000081100000| Untracked 
|  18|0x0000000081200000, 0x0000000081300000, 0x0000000081300000|100%| O|  |TAMS 0x0000000081300000, 0x0000000081200000| Untracked 
|  19|0x0000000081300000, 0x00000000813bd000, 0x0000000081400000| 73%| O|  |TAMS 0x00000000813bd000, 0x0000000081300000| Untracked 
|  20|0x0000000081400000, 0x0000000081500000, 0x0000000081500000|100%| O|  |TAMS 0x0000000081500000, 0x0000000081400000| Untracked 
|  21|0x0000000081500000, 0x0000000081600000, 0x0000000081600000|100%| O|  |TAMS 0x0000000081600000, 0x0000000081500000| Untracked 
|  22|0x0000000081600000, 0x0000000081700000, 0x0000000081700000|100%| O|  |TAMS 0x0000000081700000, 0x0000000081600000| Untracked 
|  23|0x0000000081700000, 0x0000000081800000, 0x0000000081800000|100%| O|  |TAMS 0x0000000081800000, 0x0000000081700000| Untracked 
|  24|0x0000000081800000, 0x0000000081900000, 0x0000000081900000|100%| O|  |TAMS 0x0000000081900000, 0x0000000081800000| Untracked 
|  25|0x0000000081900000, 0x0000000081a00000, 0x0000000081a00000|100%| O|  |TAMS 0x0000000081a00000, 0x0000000081900000| Untracked 
|  26|0x0000000081a00000, 0x0000000081b00000, 0x0000000081b00000|100%| O|  |TAMS 0x0000000081b00000, 0x0000000081a00000| Untracked 
|  27|0x0000000081b00000, 0x0000000081c00000, 0x0000000081c00000|100%| O|  |TAMS 0x0000000081c00000, 0x0000000081b00000| Untracked 
|  28|0x0000000081c00000, 0x0000000081d00000, 0x0000000081d00000|100%| O|  |TAMS 0x0000000081d00000, 0x0000000081c00000| Untracked 
|  29|0x0000000081d00000, 0x0000000081e00000, 0x0000000081e00000|100%| O|  |TAMS 0x0000000081e00000, 0x0000000081d00000| Untracked 
|  30|0x0000000081e00000, 0x0000000081f00000, 0x0000000081f00000|100%| O|  |TAMS 0x0000000081f00000, 0x0000000081e00000| Untracked 
|  31|0x0000000081f00000, 0x0000000082000000, 0x0000000082000000|100%| O|  |TAMS 0x0000000082000000, 0x0000000081f00000| Untracked 
|  32|0x0000000082000000, 0x0000000082100000, 0x0000000082100000|100%| O|  |TAMS 0x0000000082100000, 0x0000000082000000| Untracked 
|  33|0x0000000082100000, 0x0000000082200000, 0x0000000082200000|100%| O|  |TAMS 0x0000000082200000, 0x0000000082100000| Untracked 
|  34|0x0000000082200000, 0x0000000082300000, 0x0000000082300000|100%| O|  |TAMS 0x0000000082300000, 0x0000000082200000| Untracked 
|  35|0x0000000082300000, 0x0000000082400000, 0x0000000082400000|100%| O|  |TAMS 0x0000000082400000, 0x0000000082300000| Untracked 
|  36|0x0000000082400000, 0x0000000082500000, 0x0000000082500000|100%| O|  |TAMS 0x0000000082500000, 0x0000000082400000| Untracked 
|  37|0x0000000082500000, 0x0000000082600000, 0x0000000082600000|100%| O|  |TAMS 0x0000000082600000, 0x0000000082500000| Untracked 
|  38|0x0000000082600000, 0x0000000082700000, 0x0000000082700000|100%| O|  |TAMS 0x0000000082700000, 0x0000000082600000| Untracked 
|  39|0x0000000082700000, 0x0000000082800000, 0x0000000082800000|100%|HS|  |TAMS 0x0000000082800000, 0x0000000082700000| Complete 
|  40|0x0000000082800000, 0x0000000082900000, 0x0000000082900000|100%| O|  |TAMS 0x0000000082900000, 0x0000000082800000| Untracked 
|  41|0x0000000082900000, 0x0000000082a00000, 0x0000000082a00000|100%| O|  |TAMS 0x0000000082a00000, 0x0000000082900000| Untracked 
|  42|0x0000000082a00000, 0x0000000082b00000, 0x0000000082b00000|100%| O|  |TAMS 0x0000000082b00000, 0x0000000082a00000| Untracked 
|  43|0x0000000082b00000, 0x0000000082c00000, 0x0000000082c00000|100%| O|  |TAMS 0x0000000082c00000, 0x0000000082b00000| Untracked 
|  44|0x0000000082c00000, 0x0000000082d00000, 0x0000000082d00000|100%| O|  |TAMS 0x0000000082d00000, 0x0000000082c00000| Complete 
|  45|0x0000000082d00000, 0x0000000082e00000, 0x0000000082e00000|100%| O|  |TAMS 0x0000000082e00000, 0x0000000082d00000| Untracked 
|  46|0x0000000082e00000, 0x0000000082f00000, 0x0000000082f00000|100%|HS|  |TAMS 0x0000000082f00000, 0x0000000082e00000| Complete 
|  47|0x0000000082f00000, 0x0000000083000000, 0x0000000083000000|100%|HS|  |TAMS 0x0000000083000000, 0x0000000082f00000| Complete 
|  48|0x0000000083000000, 0x0000000083100000, 0x0000000083100000|100%|HS|  |TAMS 0x0000000083100000, 0x0000000083000000| Complete 
|  49|0x0000000083100000, 0x0000000083200000, 0x0000000083200000|100%|HC|  |TAMS 0x0000000083200000, 0x0000000083100000| Complete 
|  50|0x0000000083200000, 0x0000000083300000, 0x0000000083300000|100%|HS|  |TAMS 0x0000000083300000, 0x0000000083200000| Complete 
|  51|0x0000000083300000, 0x0000000083400000, 0x0000000083400000|100%|HC|  |TAMS 0x0000000083400000, 0x0000000083300000| Complete 
|  52|0x0000000083400000, 0x0000000083500000, 0x0000000083500000|100%|HS|  |TAMS 0x0000000083500000, 0x0000000083400000| Complete 
|  53|0x0000000083500000, 0x0000000083600000, 0x0000000083600000|100%|HS|  |TAMS 0x0000000083600000, 0x0000000083500000| Complete 
|  54|0x0000000083600000, 0x0000000083700000, 0x0000000083700000|100%|HC|  |TAMS 0x0000000083700000, 0x0000000083600000| Complete 
|  55|0x0000000083700000, 0x0000000083800000, 0x0000000083800000|100%|HC|  |TAMS 0x0000000083800000, 0x0000000083700000| Complete 
|  56|0x0000000083800000, 0x0000000083900000, 0x0000000083900000|100%|HS|  |TAMS 0x0000000083900000, 0x0000000083800000| Complete 
|  57|0x0000000083900000, 0x0000000083a00000, 0x0000000083a00000|100%| O|  |TAMS 0x0000000083a00000, 0x0000000083900000| Untracked 
|  58|0x0000000083a00000, 0x0000000083b00000, 0x0000000083b00000|100%| O|  |TAMS 0x0000000083b00000, 0x0000000083a00000| Untracked 
|  59|0x0000000083b00000, 0x0000000083c00000, 0x0000000083c00000|100%| O|  |TAMS 0x0000000083c00000, 0x0000000083b00000| Untracked 
|  60|0x0000000083c00000, 0x0000000083d00000, 0x0000000083d00000|100%| O|  |TAMS 0x0000000083d00000, 0x0000000083c00000| Untracked 
|  61|0x0000000083d00000, 0x0000000083e00000, 0x0000000083e00000|100%| O|  |TAMS 0x0000000083e00000, 0x0000000083d00000| Untracked 
|  62|0x0000000083e00000, 0x0000000083f00000, 0x0000000083f00000|100%|HS|  |TAMS 0x0000000083f00000, 0x0000000083e00000| Complete 
|  63|0x0000000083f00000, 0x0000000084000000, 0x0000000084000000|100%| O|  |TAMS 0x0000000084000000, 0x0000000083f00000| Complete 
|  64|0x0000000084000000, 0x0000000084100000, 0x0000000084100000|100%| O|  |TAMS 0x0000000084100000, 0x0000000084000000| Untracked 
|  65|0x0000000084100000, 0x0000000084200000, 0x0000000084200000|100%| O|  |TAMS 0x0000000084200000, 0x0000000084100000| Untracked 
|  66|0x0000000084200000, 0x0000000084300000, 0x0000000084300000|100%|HS|  |TAMS 0x0000000084300000, 0x0000000084200000| Complete 
|  67|0x0000000084300000, 0x0000000084400000, 0x0000000084400000|100%| O|  |TAMS 0x0000000084400000, 0x0000000084300000| Untracked 
|  68|0x0000000084400000, 0x0000000084500000, 0x0000000084500000|100%| O|  |TAMS 0x0000000084500000, 0x0000000084400000| Untracked 
|  69|0x0000000084500000, 0x00000000845bda00, 0x0000000084600000| 74%| O|  |TAMS 0x00000000845bda00, 0x0000000084500000| Untracked 
|  70|0x0000000084600000, 0x0000000084700000, 0x0000000084700000|100%|HS|  |TAMS 0x0000000084600000, 0x0000000084600000| Complete 
|  71|0x0000000084700000, 0x0000000084800000, 0x0000000084800000|100%|HS|  |TAMS 0x0000000084700000, 0x0000000084700000| Complete 
|  72|0x0000000084800000, 0x0000000084900000, 0x0000000084900000|100%|HS|  |TAMS 0x0000000084800000, 0x0000000084800000| Complete 
|  73|0x0000000084900000, 0x0000000084a00000, 0x0000000084a00000|100%|HS|  |TAMS 0x0000000084900000, 0x0000000084900000| Complete 
|  74|0x0000000084a00000, 0x0000000084a00000, 0x0000000084b00000|  0%| F|  |TAMS 0x0000000084a00000, 0x0000000084a00000| Untracked 
|  75|0x0000000084b00000, 0x0000000084b00000, 0x0000000084c00000|  0%| F|  |TAMS 0x0000000084b00000, 0x0000000084b00000| Untracked 
|  76|0x0000000084c00000, 0x0000000084c00000, 0x0000000084d00000|  0%| F|  |TAMS 0x0000000084c00000, 0x0000000084c00000| Untracked 
|  77|0x0000000084d00000, 0x0000000084d00000, 0x0000000084e00000|  0%| F|  |TAMS 0x0000000084d00000, 0x0000000084d00000| Untracked 
|  78|0x0000000084e00000, 0x0000000084e00000, 0x0000000084f00000|  0%| F|  |TAMS 0x0000000084e00000, 0x0000000084e00000| Untracked 
|  79|0x0000000084f00000, 0x0000000084f00000, 0x0000000085000000|  0%| F|  |TAMS 0x0000000084f00000, 0x0000000084f00000| Untracked 
|  80|0x0000000085000000, 0x0000000085000000, 0x0000000085100000|  0%| F|  |TAMS 0x0000000085000000, 0x0000000085000000| Untracked 
|  81|0x0000000085100000, 0x0000000085100000, 0x0000000085200000|  0%| F|  |TAMS 0x0000000085100000, 0x0000000085100000| Untracked 
|  82|0x0000000085200000, 0x0000000085200000, 0x0000000085300000|  0%| F|  |TAMS 0x0000000085200000, 0x0000000085200000| Untracked 
|  83|0x0000000085300000, 0x0000000085300000, 0x0000000085400000|  0%| F|  |TAMS 0x0000000085300000, 0x0000000085300000| Untracked 
|  84|0x0000000085400000, 0x0000000085400000, 0x0000000085500000|  0%| F|  |TAMS 0x0000000085400000, 0x0000000085400000| Untracked 
|  85|0x0000000085500000, 0x0000000085500000, 0x0000000085600000|  0%| F|  |TAMS 0x0000000085500000, 0x0000000085500000| Untracked 
|  86|0x0000000085600000, 0x0000000085600000, 0x0000000085700000|  0%| F|  |TAMS 0x0000000085600000, 0x0000000085600000| Untracked 
|  87|0x0000000085700000, 0x0000000085700000, 0x0000000085800000|  0%| F|  |TAMS 0x0000000085700000, 0x0000000085700000| Untracked 
|  88|0x0000000085800000, 0x0000000085800000, 0x0000000085900000|  0%| F|  |TAMS 0x0000000085800000, 0x0000000085800000| Untracked 
|  89|0x0000000085900000, 0x0000000085900000, 0x0000000085a00000|  0%| F|  |TAMS 0x0000000085900000, 0x0000000085900000| Untracked 
|  90|0x0000000085a00000, 0x0000000085a00000, 0x0000000085b00000|  0%| F|  |TAMS 0x0000000085a00000, 0x0000000085a00000| Untracked 
|  91|0x0000000085b00000, 0x0000000085b00000, 0x0000000085c00000|  0%| F|  |TAMS 0x0000000085b00000, 0x0000000085b00000| Untracked 
|  92|0x0000000085c00000, 0x0000000085c00000, 0x0000000085d00000|  0%| F|  |TAMS 0x0000000085c00000, 0x0000000085c00000| Untracked 
|  93|0x0000000085d00000, 0x0000000085d00000, 0x0000000085e00000|  0%| F|  |TAMS 0x0000000085d00000, 0x0000000085d00000| Untracked 
|  94|0x0000000085e00000, 0x0000000085e00000, 0x0000000085f00000|  0%| F|  |TAMS 0x0000000085e00000, 0x0000000085e00000| Untracked 
|  95|0x0000000085f00000, 0x0000000085f00000, 0x0000000086000000|  0%| F|  |TAMS 0x0000000085f00000, 0x0000000085f00000| Untracked 
|  96|0x0000000086000000, 0x0000000086000000, 0x0000000086100000|  0%| F|  |TAMS 0x0000000086000000, 0x0000000086000000| Untracked 
|  97|0x0000000086100000, 0x0000000086100000, 0x0000000086200000|  0%| F|  |TAMS 0x0000000086100000, 0x0000000086100000| Untracked 
|  98|0x0000000086200000, 0x000000008622b1b0, 0x0000000086300000| 16%| S|CS|TAMS 0x0000000086200000, 0x0000000086200000| Complete 
|  99|0x0000000086300000, 0x0000000086400000, 0x0000000086400000|100%| S|CS|TAMS 0x0000000086300000, 0x0000000086300000| Complete 
| 100|0x0000000086400000, 0x0000000086500000, 0x0000000086500000|100%| S|CS|TAMS 0x0000000086400000, 0x0000000086400000| Complete 
| 101|0x0000000086500000, 0x0000000086600000, 0x0000000086600000|100%| S|CS|TAMS 0x0000000086500000, 0x0000000086500000| Complete 
| 102|0x0000000086600000, 0x0000000086600000, 0x0000000086700000|  0%| F|  |TAMS 0x0000000086600000, 0x0000000086600000| Untracked 
| 103|0x0000000086700000, 0x0000000086700000, 0x0000000086800000|  0%| F|  |TAMS 0x0000000086700000, 0x0000000086700000| Untracked 
| 104|0x0000000086800000, 0x0000000086800000, 0x0000000086900000|  0%| F|  |TAMS 0x0000000086800000, 0x0000000086800000| Untracked 
| 105|0x0000000086900000, 0x0000000086900000, 0x0000000086a00000|  0%| F|  |TAMS 0x0000000086900000, 0x0000000086900000| Untracked 
| 106|0x0000000086a00000, 0x0000000086a00000, 0x0000000086b00000|  0%| F|  |TAMS 0x0000000086a00000, 0x0000000086a00000| Untracked 
| 107|0x0000000086b00000, 0x0000000086b00000, 0x0000000086c00000|  0%| F|  |TAMS 0x0000000086b00000, 0x0000000086b00000| Untracked 
| 108|0x0000000086c00000, 0x0000000086c00000, 0x0000000086d00000|  0%| F|  |TAMS 0x0000000086c00000, 0x0000000086c00000| Untracked 
| 109|0x0000000086d00000, 0x0000000086d00000, 0x0000000086e00000|  0%| F|  |TAMS 0x0000000086d00000, 0x0000000086d00000| Untracked 
| 110|0x0000000086e00000, 0x0000000086e00000, 0x0000000086f00000|  0%| F|  |TAMS 0x0000000086e00000, 0x0000000086e00000| Untracked 
| 111|0x0000000086f00000, 0x0000000086f00000, 0x0000000087000000|  0%| F|  |TAMS 0x0000000086f00000, 0x0000000086f00000| Untracked 
| 112|0x0000000087000000, 0x0000000087000000, 0x0000000087100000|  0%| F|  |TAMS 0x0000000087000000, 0x0000000087000000| Untracked 
| 113|0x0000000087100000, 0x0000000087100000, 0x0000000087200000|  0%| F|  |TAMS 0x0000000087100000, 0x0000000087100000| Untracked 
| 114|0x0000000087200000, 0x0000000087200000, 0x0000000087300000|  0%| F|  |TAMS 0x0000000087200000, 0x0000000087200000| Untracked 
| 115|0x0000000087300000, 0x0000000087300000, 0x0000000087400000|  0%| F|  |TAMS 0x0000000087300000, 0x0000000087300000| Untracked 
| 116|0x0000000087400000, 0x0000000087400000, 0x0000000087500000|  0%| F|  |TAMS 0x0000000087400000, 0x0000000087400000| Untracked 
| 117|0x0000000087500000, 0x0000000087500000, 0x0000000087600000|  0%| F|  |TAMS 0x0000000087500000, 0x0000000087500000| Untracked 
| 118|0x0000000087600000, 0x0000000087600000, 0x0000000087700000|  0%| F|  |TAMS 0x0000000087600000, 0x0000000087600000| Untracked 
| 119|0x0000000087700000, 0x0000000087700000, 0x0000000087800000|  0%| F|  |TAMS 0x0000000087700000, 0x0000000087700000| Untracked 
| 120|0x0000000087800000, 0x0000000087800000, 0x0000000087900000|  0%| F|  |TAMS 0x0000000087800000, 0x0000000087800000| Untracked 
| 121|0x0000000087900000, 0x0000000087900000, 0x0000000087a00000|  0%| F|  |TAMS 0x0000000087900000, 0x0000000087900000| Untracked 
| 122|0x0000000087a00000, 0x0000000087a00000, 0x0000000087b00000|  0%| F|  |TAMS 0x0000000087a00000, 0x0000000087a00000| Untracked 
| 123|0x0000000087b00000, 0x0000000087b00000, 0x0000000087c00000|  0%| F|  |TAMS 0x0000000087b00000, 0x0000000087b00000| Untracked 
| 124|0x0000000087c00000, 0x0000000087c00000, 0x0000000087d00000|  0%| F|  |TAMS 0x0000000087c00000, 0x0000000087c00000| Untracked 
| 125|0x0000000087d00000, 0x0000000087d00000, 0x0000000087e00000|  0%| F|  |TAMS 0x0000000087d00000, 0x0000000087d00000| Untracked 
| 126|0x0000000087e00000, 0x0000000087e00000, 0x0000000087f00000|  0%| F|  |TAMS 0x0000000087e00000, 0x0000000087e00000| Untracked 
| 127|0x0000000087f00000, 0x0000000087f00000, 0x0000000088000000|  0%| F|  |TAMS 0x0000000087f00000, 0x0000000087f00000| Untracked 
| 128|0x0000000088000000, 0x0000000088081010, 0x0000000088100000| 50%| E|  |TAMS 0x0000000088000000, 0x0000000088000000| Complete 
| 129|0x0000000088100000, 0x0000000088200000, 0x0000000088200000|100%| E|CS|TAMS 0x0000000088100000, 0x0000000088100000| Complete 
| 130|0x0000000088200000, 0x0000000088300000, 0x0000000088300000|100%| E|CS|TAMS 0x0000000088200000, 0x0000000088200000| Complete 
| 131|0x0000000088300000, 0x0000000088400000, 0x0000000088400000|100%| E|CS|TAMS 0x0000000088300000, 0x0000000088300000| Complete 
| 132|0x0000000088400000, 0x0000000088500000, 0x0000000088500000|100%| E|CS|TAMS 0x0000000088400000, 0x0000000088400000| Complete 
| 133|0x0000000088500000, 0x0000000088600000, 0x0000000088600000|100%| E|CS|TAMS 0x0000000088500000, 0x0000000088500000| Complete 
| 134|0x0000000088600000, 0x0000000088700000, 0x0000000088700000|100%| E|CS|TAMS 0x0000000088600000, 0x0000000088600000| Complete 
| 135|0x0000000088700000, 0x0000000088800000, 0x0000000088800000|100%| E|CS|TAMS 0x0000000088700000, 0x0000000088700000| Complete 
| 136|0x0000000088800000, 0x0000000088900000, 0x0000000088900000|100%| E|CS|TAMS 0x0000000088800000, 0x0000000088800000| Complete 
| 137|0x0000000088900000, 0x0000000088a00000, 0x0000000088a00000|100%| E|CS|TAMS 0x0000000088900000, 0x0000000088900000| Complete 
| 138|0x0000000088a00000, 0x0000000088b00000, 0x0000000088b00000|100%| E|CS|TAMS 0x0000000088a00000, 0x0000000088a00000| Complete 
| 139|0x0000000088b00000, 0x0000000088c00000, 0x0000000088c00000|100%| E|CS|TAMS 0x0000000088b00000, 0x0000000088b00000| Complete 
| 140|0x0000000088c00000, 0x0000000088d00000, 0x0000000088d00000|100%| E|CS|TAMS 0x0000000088c00000, 0x0000000088c00000| Complete 
| 141|0x0000000088d00000, 0x0000000088e00000, 0x0000000088e00000|100%| E|CS|TAMS 0x0000000088d00000, 0x0000000088d00000| Complete 
| 142|0x0000000088e00000, 0x0000000088f00000, 0x0000000088f00000|100%| E|CS|TAMS 0x0000000088e00000, 0x0000000088e00000| Complete 

Card table byte_map: [0x000001a3a9f90000,0x000001a3aa390000] _byte_map_base: 0x000001a3a9b90000

Marking Bits (Prev, Next): (CMBitMap*) 0x000001a3914f14c0, (CMBitMap*) 0x000001a3914f1480
 Prev Bits: [0x000001a3ac790000, 0x000001a3ae790000)
 Next Bits: [0x000001a3aa790000, 0x000001a3ac790000)

Polling page: 0x000001a391260000

Metaspace:

Usage:
  Non-class:     52.79 MB used.
      Class:      8.31 MB used.
       Both:     61.10 MB used.

Virtual space:
  Non-class space:       64.00 MB reserved,      53.06 MB ( 83%) committed,  1 nodes.
      Class space:        1.00 GB reserved,       8.56 MB ( <1%) committed,  1 nodes.
             Both:        1.06 GB reserved,      61.62 MB (  6%) committed. 

Chunk freelists:
   Non-Class:  10.81 MB
       Class:  7.44 MB
        Both:  18.25 MB

MaxMetaspaceSize: unlimited
CompressedClassSpaceSize: 1.00 GB
Initial GC threshold: 21.00 MB
Current GC threshold: 102.31 MB
CDS: on
MetaspaceReclaimPolicy: balanced
 - commit_granule_bytes: 65536.
 - commit_granule_words: 8192.
 - virtual_space_node_default_size: 8388608.
 - enlarge_chunks_in_place: 1.
 - new_chunks_are_fully_committed: 0.
 - uncommit_free_chunks: 1.
 - use_allocation_guard: 0.
 - handle_deallocations: 1.


Internal statistics:

num_allocs_failed_limit: 6.
num_arena_births: 708.
num_arena_deaths: 2.
num_vsnodes_births: 2.
num_vsnodes_deaths: 0.
num_space_committed: 986.
num_space_uncommitted: 0.
num_chunks_returned_to_freelist: 13.
num_chunks_taken_from_freelist: 3152.
num_chunk_merges: 8.
num_chunk_splits: 2152.
num_chunks_enlarged: 1518.
num_inconsistent_stats: 0.

CodeHeap 'non-profiled nmethods': size=120000Kb used=4628Kb max_used=4628Kb free=115371Kb
 bounds [0x000001a3a2040000, 0x000001a3a24d0000, 0x000001a3a9570000]
CodeHeap 'profiled nmethods': size=120000Kb used=15255Kb max_used=15255Kb free=104744Kb
 bounds [0x000001a39a570000, 0x000001a39b460000, 0x000001a3a1aa0000]
CodeHeap 'non-nmethods': size=5760Kb used=2373Kb max_used=2407Kb free=3386Kb
 bounds [0x000001a3a1aa0000, 0x000001a3a1d10000, 0x000001a3a2040000]
 total_blobs=8766 nmethods=7880 adapters=797
 compilation: enabled
              stopped_count=0, restarted_count=0
 full_count=0

Compilation events (20 events):
Event: 46.405 Thread 0x000001a3b0d64130 8622       4       java.util.zip.Checksum::update (11 bytes)
Event: 46.407 Thread 0x000001a3b0d64130 nmethod 8622 0x000001a3a24c4790 code [0x000001a3a24c4920, 0x000001a3a24c4a78]
Event: 46.407 Thread 0x000001a3b0d64130 8623       4       java.util.zip.CRC32::getValue (10 bytes)
Event: 46.407 Thread 0x000001a3b0d64130 nmethod 8623 0x000001a3a24c4c10 code [0x000001a3a24c4d80, 0x000001a3a24c4df8]
Event: 46.409 Thread 0x000001a3b0db7e60 8624  s    3       java.util.jar.JarFile::getInputStream (72 bytes)
Event: 46.409 Thread 0x000001a3b0db7e60 nmethod 8624 0x000001a39b450390 code [0x000001a39b4505c0, 0x000001a39b450b58]
Event: 46.409 Thread 0x000001a3b0db7e60 8625       3       java.security.CodeSource::getCertificates (98 bytes)
Event: 46.410 Thread 0x000001a3b0db7e60 nmethod 8625 0x000001a39b450d10 code [0x000001a39b450f60, 0x000001a39b451ab8]
Event: 46.418 Thread 0x000001a3b0d64130 8626   !   4       jdk.internal.loader.Resource::getBytes (244 bytes)
Event: 46.436 Thread 0x000001a3b0db7e60 8627       3       java.lang.ClassLoader::postDefineClass (39 bytes)
Event: 46.437 Thread 0x000001a3b0db7e60 nmethod 8627 0x000001a39b451d90 code [0x000001a39b451f80, 0x000001a39b452298]
Event: 46.443 Thread 0x000001a3fa797b70 8628       4       jdk.internal.access.SharedSecrets::javaUtilJarAccess (19 bytes)
Event: 46.443 Thread 0x000001a3b0db7e60 8629       3       jdk.internal.loader.URLClassPath$JarLoader$2::getInputStream (15 bytes)
Event: 46.443 Thread 0x000001a3b0db7e60 nmethod 8629 0x000001a39b452410 code [0x000001a39b4525c0, 0x000001a39b4527a8]
Event: 46.443 Thread 0x000001a3fa797b70 nmethod 8628 0x000001a3a24c4f10 code [0x000001a3a24c5080, 0x000001a3a24c50f8]
Event: 46.443 Thread 0x000001a3b0db7e60 8630       3       java.security.CodeSource::<init> (52 bytes)
Event: 46.444 Thread 0x000001a3b0db7e60 nmethod 8630 0x000001a39b452890 code [0x000001a39b452a60, 0x000001a39b452ff8]
Event: 46.445 Thread 0x000001a3fa797b70 8631       4       jdk.internal.loader.URLClassPath$JarLoader$2::getBytes (48 bytes)
Event: 46.446 Thread 0x000001a3b0db7e60 8632       3       jdk.internal.loader.URLClassPath$JarLoader$2::getCodeSigners (8 bytes)
Event: 46.446 Thread 0x000001a3b0db7e60 nmethod 8632 0x000001a39b453110 code [0x000001a39b4532c0, 0x000001a39b453488]

GC Heap History (20 events):
Event: 42.169 GC heap before
{Heap before GC invocations=18 (full 0):
 garbage-first heap   total 81920K, used 63955K [0x0000000080000000, 0x0000000100000000)
  region size 1024K, 21 young (21504K), 4 survivors (4096K)
 Metaspace       used 51606K, committed 52160K, reserved 1114112K
  class space    used 7172K, committed 7424K, reserved 1048576K
}
Event: 42.173 GC heap after
{Heap after GC invocations=19 (full 0):
 garbage-first heap   total 81920K, used 49008K [0x0000000080000000, 0x0000000100000000)
  region size 1024K, 3 young (3072K), 3 survivors (3072K)
 Metaspace       used 51606K, committed 52160K, reserved 1114112K
  class space    used 7172K, committed 7424K, reserved 1048576K
}
Event: 43.021 GC heap before
{Heap before GC invocations=20 (full 0):
 garbage-first heap   total 87040K, used 76656K [0x0000000080000000, 0x0000000100000000)
  region size 1024K, 19 young (19456K), 3 survivors (3072K)
 Metaspace       used 51966K, committed 52416K, reserved 1114112K
  class space    used 7211K, committed 7424K, reserved 1048576K
}
Event: 43.024 GC heap after
{Heap after GC invocations=21 (full 0):
 garbage-first heap   total 87040K, used 65527K [0x0000000080000000, 0x0000000100000000)
  region size 1024K, 3 young (3072K), 3 survivors (3072K)
 Metaspace       used 51966K, committed 52416K, reserved 1114112K
  class space    used 7211K, committed 7424K, reserved 1048576K
}
Event: 43.143 GC heap before
{Heap before GC invocations=21 (full 0):
 garbage-first heap   total 87040K, used 66551K [0x0000000080000000, 0x0000000100000000)
  region size 1024K, 4 young (4096K), 3 survivors (3072K)
 Metaspace       used 51966K, committed 52416K, reserved 1114112K
  class space    used 7211K, committed 7424K, reserved 1048576K
}
Event: 43.145 GC heap after
{Heap after GC invocations=22 (full 0):
 garbage-first heap   total 87040K, used 66428K [0x0000000080000000, 0x0000000100000000)
  region size 1024K, 1 young (1024K), 1 survivors (1024K)
 Metaspace       used 51966K, committed 52416K, reserved 1114112K
  class space    used 7211K, committed 7424K, reserved 1048576K
}
Event: 43.165 GC heap before
{Heap before GC invocations=22 (full 0):
 garbage-first heap   total 87040K, used 66428K [0x0000000080000000, 0x0000000100000000)
  region size 1024K, 2 young (2048K), 1 survivors (1024K)
 Metaspace       used 51989K, committed 52480K, reserved 1114112K
  class space    used 7214K, committed 7424K, reserved 1048576K
}
Event: 43.166 GC heap after
{Heap after GC invocations=23 (full 0):
 garbage-first heap   total 87040K, used 66732K [0x0000000080000000, 0x0000000100000000)
  region size 1024K, 1 young (1024K), 1 survivors (1024K)
 Metaspace       used 51989K, committed 52480K, reserved 1114112K
  class space    used 7214K, committed 7424K, reserved 1048576K
}
Event: 43.285 GC heap before
{Heap before GC invocations=24 (full 0):
 garbage-first heap   total 121856K, used 71852K [0x0000000080000000, 0x0000000100000000)
  region size 1024K, 5 young (5120K), 1 survivors (1024K)
 Metaspace       used 52334K, committed 52800K, reserved 1114112K
  class space    used 7271K, committed 7488K, reserved 1048576K
}
Event: 43.286 GC heap after
{Heap after GC invocations=25 (full 0):
 garbage-first heap   total 121856K, used 68160K [0x0000000080000000, 0x0000000100000000)
  region size 1024K, 1 young (1024K), 1 survivors (1024K)
 Metaspace       used 52334K, committed 52800K, reserved 1114112K
  class space    used 7271K, committed 7488K, reserved 1048576K
}
Event: 43.372 GC heap before
{Heap before GC invocations=25 (full 0):
 garbage-first heap   total 121856K, used 71232K [0x0000000080000000, 0x0000000100000000)
  region size 1024K, 5 young (5120K), 1 survivors (1024K)
 Metaspace       used 52632K, committed 53120K, reserved 1114112K
  class space    used 7313K, committed 7552K, reserved 1048576K
}
Event: 43.374 GC heap after
{Heap after GC invocations=26 (full 0):
 garbage-first heap   total 121856K, used 67895K [0x0000000080000000, 0x0000000100000000)
  region size 1024K, 1 young (1024K), 1 survivors (1024K)
 Metaspace       used 52632K, committed 53120K, reserved 1114112K
  class space    used 7313K, committed 7552K, reserved 1048576K
}
Event: 43.502 GC heap before
{Heap before GC invocations=26 (full 0):
 garbage-first heap   total 121856K, used 73015K [0x0000000080000000, 0x0000000100000000)
  region size 1024K, 8 young (8192K), 1 survivors (1024K)
 Metaspace       used 53121K, committed 53632K, reserved 1114112K
  class space    used 7358K, committed 7616K, reserved 1048576K
}
Event: 43.503 GC heap after
{Heap after GC invocations=27 (full 0):
 garbage-first heap   total 146432K, used 68565K [0x0000000080000000, 0x0000000100000000)
  region size 1024K, 2 young (2048K), 2 survivors (2048K)
 Metaspace       used 53121K, committed 53632K, reserved 1114112K
  class space    used 7358K, committed 7616K, reserved 1048576K
}
Event: 44.519 GC heap before
{Heap before GC invocations=28 (full 0):
 garbage-first heap   total 146432K, used 108501K [0x0000000080000000, 0x0000000100000000)
  region size 1024K, 40 young (40960K), 2 survivors (2048K)
 Metaspace       used 57020K, committed 57536K, reserved 1114112K
  class space    used 7786K, committed 8000K, reserved 1048576K
}
Event: 44.522 GC heap after
{Heap after GC invocations=29 (full 0):
 garbage-first heap   total 146432K, used 70552K [0x0000000080000000, 0x0000000100000000)
  region size 1024K, 3 young (3072K), 3 survivors (3072K)
 Metaspace       used 57020K, committed 57536K, reserved 1114112K
  class space    used 7786K, committed 8000K, reserved 1048576K
}
Event: 44.623 GC heap before
{Heap before GC invocations=29 (full 0):
 garbage-first heap   total 146432K, used 73624K [0x0000000080000000, 0x0000000100000000)
  region size 1024K, 7 young (7168K), 3 survivors (3072K)
 Metaspace       used 57372K, committed 57920K, reserved 1114112K
  class space    used 7815K, committed 8064K, reserved 1048576K
}
Event: 44.625 GC heap after
{Heap after GC invocations=30 (full 0):
 garbage-first heap   total 146432K, used 70519K [0x0000000080000000, 0x0000000100000000)
  region size 1024K, 1 young (1024K), 1 survivors (1024K)
 Metaspace       used 57372K, committed 57920K, reserved 1114112K
  class space    used 7815K, committed 8064K, reserved 1048576K
}
Event: 46.229 GC heap before
{Heap before GC invocations=30 (full 0):
 garbage-first heap   total 146432K, used 112503K [0x0000000080000000, 0x0000000100000000)
  region size 1024K, 41 young (41984K), 1 survivors (1024K)
 Metaspace       used 62287K, committed 62848K, reserved 1114112K
  class space    used 8432K, committed 8704K, reserved 1048576K
}
Event: 46.235 GC heap after
{Heap after GC invocations=31 (full 0):
 garbage-first heap   total 146432K, used 74390K [0x0000000080000000, 0x0000000100000000)
  region size 1024K, 4 young (4096K), 4 survivors (4096K)
 Metaspace       used 62287K, committed 62848K, reserved 1114112K
  class space    used 8432K, committed 8704K, reserved 1048576K
}

Deoptimization events (20 events):
Event: 46.324 Thread 0x000001a3f6e79750 DEOPT PACKING pc=0x000001a39b449dc8 sp=0x0000002445ef1b80
Event: 46.324 Thread 0x000001a3f6e79750 DEOPT UNPACKING pc=0x000001a3a1af66e3 sp=0x0000002445ef1000 mode 0
Event: 46.324 Thread 0x000001a3f6e79750 DEOPT PACKING pc=0x000001a39b449dc8 sp=0x0000002445ef1b80
Event: 46.324 Thread 0x000001a3f6e79750 DEOPT UNPACKING pc=0x000001a3a1af66e3 sp=0x0000002445ef1000 mode 0
Event: 46.325 Thread 0x000001a3f6e79750 DEOPT PACKING pc=0x000001a39b43cd7f sp=0x0000002445ef1bb0
Event: 46.325 Thread 0x000001a3f6e79750 DEOPT UNPACKING pc=0x000001a3a1af66e3 sp=0x0000002445ef1030 mode 0
Event: 46.325 Thread 0x000001a3f6e79750 DEOPT PACKING pc=0x000001a39b449dc8 sp=0x0000002445ef1b80
Event: 46.325 Thread 0x000001a3f6e79750 DEOPT UNPACKING pc=0x000001a3a1af66e3 sp=0x0000002445ef1000 mode 0
Event: 46.325 Thread 0x000001a3f6e79750 DEOPT PACKING pc=0x000001a39b43c5e6 sp=0x0000002445ef1aa0
Event: 46.325 Thread 0x000001a3f6e79750 DEOPT UNPACKING pc=0x000001a3a1af66e3 sp=0x0000002445ef0f20 mode 0
Event: 46.325 Thread 0x000001a3f6e79750 DEOPT PACKING pc=0x000001a39b449dc8 sp=0x0000002445ef1b80
Event: 46.325 Thread 0x000001a3f6e79750 DEOPT UNPACKING pc=0x000001a3a1af66e3 sp=0x0000002445ef1000 mode 0
Event: 46.326 Thread 0x000001a3f6e79750 DEOPT PACKING pc=0x000001a39b449dc8 sp=0x0000002445ef1b80
Event: 46.326 Thread 0x000001a3f6e79750 DEOPT UNPACKING pc=0x000001a3a1af66e3 sp=0x0000002445ef1000 mode 0
Event: 46.326 Thread 0x000001a3f6e79750 DEOPT PACKING pc=0x000001a39b449dc8 sp=0x0000002445ef1b80
Event: 46.326 Thread 0x000001a3f6e79750 DEOPT UNPACKING pc=0x000001a3a1af66e3 sp=0x0000002445ef1000 mode 0
Event: 46.326 Thread 0x000001a3f6e79750 DEOPT PACKING pc=0x000001a39b449dc8 sp=0x0000002445ef1b80
Event: 46.326 Thread 0x000001a3f6e79750 DEOPT UNPACKING pc=0x000001a3a1af66e3 sp=0x0000002445ef1000 mode 0
Event: 46.326 Thread 0x000001a3f6e79750 DEOPT PACKING pc=0x000001a39b449dc8 sp=0x0000002445ef1dd0
Event: 46.326 Thread 0x000001a3f6e79750 DEOPT UNPACKING pc=0x000001a3a1af66e3 sp=0x0000002445ef1250 mode 0

Classes unloaded (8 events):
Event: 40.869 Thread 0x000001a3b0d42af0 Unloading class 0x000001a3b2560000 '_BuildScript_$_run_closure1$_closure2$_closure3$_closure7'
Event: 40.869 Thread 0x000001a3b0d42af0 Unloading class 0x000001a3b255dbb8 '_BuildScript_$_run_closure1$_closure2$_closure3$_closure6'
Event: 40.869 Thread 0x000001a3b0d42af0 Unloading class 0x000001a3b255d7d0 '_BuildScript_$_run_closure1$_closure2$_closure3$_closure5'
Event: 40.869 Thread 0x000001a3b0d42af0 Unloading class 0x000001a3b255d3e8 '_BuildScript_$_run_closure1$_closure2$_closure3$_closure4'
Event: 40.869 Thread 0x000001a3b0d42af0 Unloading class 0x000001a3b255d000 '_BuildScript_$_run_closure1$_closure2$_closure3'
Event: 40.869 Thread 0x000001a3b0d42af0 Unloading class 0x000001a3b255c918 '_BuildScript_$_run_closure1$_closure2'
Event: 40.869 Thread 0x000001a3b0d42af0 Unloading class 0x000001a3b255c530 '_BuildScript_$_run_closure1'
Event: 40.869 Thread 0x000001a3b0d42af0 Unloading class 0x000001a3b255c000 '_BuildScript_'

Classes redefined (0 events):
No events

Internal exceptions (20 events):
Event: 39.438 Thread 0x000001a3f6e79750 Exception <a 'java/lang/NoSuchMethodError'{0x0000000083a18e10}: 'java.lang.Object java.lang.invoke.Invokers$Holder.invoker(java.lang.Object, java.lang.Object, java.lang.Object, java.lang.Object, java.lang.Object, java.lang.Object, java.lang.Object, java.lang.Object, java.lang.Object, java.lang.Object, java.lang.Object, java.lang.Object, java.lang.Object, java.lang.Object, java.lang.Object, java.lang.Object, java.lang.Object, java.lang.Object, java.lang.Object, java.lang.Object, java.lang.Object, java.lang.
Event: 39.438 Thread 0x000001a3f6e79750 Exception <a 'java/lang/NoSuchMethodError'{0x0000000083a1fa10}: 'java.lang.Object java.lang.invoke.DelegatingMethodHandle$Holder.delegate(java.lang.Object, java.lang.Object, java.lang.Object, java.lang.Object, java.lang.Object, java.lang.Object, java.lang.Object, java.lang.Object, java.lang.Object, java.lang.Object, java.lang.Object, java.lang.Object, java.lang.Object, java.lang.Object, java.lang.Object, java.lang.Object, java.lang.Object, java.lang.Object, java.lang.Object, java.lang.Object, java.lang.Obj
Event: 39.545 Thread 0x000001a3f6e79750 Exception <a 'java/lang/NoSuchMethodError'{0x0000000083affc00}: 'java.lang.Object java.lang.invoke.DirectMethodHandle$Holder.invokeStatic(java.lang.Object, java.lang.Object, java.lang.Object, java.lang.Object, java.lang.Object, java.lang.Object, java.lang.Object, java.lang.Object, java.lang.Object, java.lang.Object, java.lang.Object, java.lang.Object, java.lang.Object, java.lang.Object, java.lang.Object, java.lang.Object, java.lang.Object, java.lang.Object, java.lang.Object, java.lang.Object, java.lang.Obj
Event: 39.985 Thread 0x000001a3f6e79750 Exception <a 'java/lang/NoSuchMethodError'{0x000000008482f720}: 'int java.lang.invoke.DirectMethodHandle$Holder.invokeSpecialIFC(java.lang.Object, java.lang.Object, java.lang.Object)'> (0x000000008482f720) 
thrown [s\open\src\hotspot\share\interpreter\linkResolver.cpp, line 759]
Event: 40.101 Thread 0x000001a3f6e79750 Exception <a 'java/lang/NoSuchMethodError'{0x00000000845e8388}: 'java.lang.Object java.lang.invoke.DirectMethodHandle$Holder.newInvokeSpecial(java.lang.Object, java.lang.Object, java.lang.Object, java.lang.Object, java.lang.Object, int)'> (0x00000000845e8388) 
thrown [s\open\src\hotspot\share\interpreter\linkResolver.cpp, line 759]
Event: 40.101 Thread 0x000001a3f6e79750 Exception <a 'java/lang/NoSuchMethodError'{0x00000000845ed7e0}: 'java.lang.Object java.lang.invoke.DirectMethodHandle$Holder.invokeSpecial(java.lang.Object, java.lang.Object, java.lang.Object, java.lang.Object, java.lang.Object, java.lang.Object, int)'> (0x00000000845ed7e0) 
thrown [s\open\src\hotspot\share\interpreter\linkResolver.cpp, line 759]
Event: 40.101 Thread 0x000001a3f6e79750 Exception <a 'java/lang/NoSuchMethodError'{0x00000000845f25c0}: 'java.lang.Object java.lang.invoke.Invokers$Holder.linkToTargetMethod(java.lang.Object, java.lang.Object, java.lang.Object, java.lang.Object, int, java.lang.Object)'> (0x00000000845f25c0) 
thrown [s\open\src\hotspot\share\interpreter\linkResolver.cpp, line 759]
Event: 40.110 Thread 0x000001a3f6e79750 Exception <a 'java/lang/NoSuchMethodError'{0x000000008443e6d0}: 'java.lang.Object java.lang.invoke.DirectMethodHandle$Holder.invokeSpecial(java.lang.Object, java.lang.Object, java.lang.Object, java.lang.Object, java.lang.Object, long)'> (0x000000008443e6d0) 
thrown [s\open\src\hotspot\share\interpreter\linkResolver.cpp, line 759]
Event: 40.115 Thread 0x000001a3f6e79750 Exception <a 'java/lang/NoSuchMethodError'{0x0000000084468028}: 'void java.lang.invoke.DirectMethodHandle$Holder.invokeStatic(java.lang.Object, java.lang.Object, java.lang.Object, int, java.lang.Object)'> (0x0000000084468028) 
thrown [s\open\src\hotspot\share\interpreter\linkResolver.cpp, line 759]
Event: 40.316 Thread 0x000001a3f6e79750 Exception <a 'java/lang/NoSuchMethodError'{0x0000000083f7cba0}: 'java.lang.Object java.lang.invoke.DirectMethodHandle$Holder.newInvokeSpecial(java.lang.Object, java.lang.Object, int)'> (0x0000000083f7cba0) 
thrown [s\open\src\hotspot\share\interpreter\linkResolver.cpp, line 759]
Event: 41.331 Thread 0x000001a3f6e79750 Exception <a 'java/lang/NoSuchMethodError'{0x00000000846535d0}: 'java.lang.Object java.lang.invoke.DirectMethodHandle$Holder.newInvokeSpecial(java.lang.Object, java.lang.Object, java.lang.Object, java.lang.Object, int, java.lang.Object)'> (0x00000000846535d0) 
thrown [s\open\src\hotspot\share\interpreter\linkResolver.cpp, line 759]
Event: 41.331 Thread 0x000001a3f6e79750 Exception <a 'java/lang/NoSuchMethodError'{0x00000000846588e0}: 'java.lang.Object java.lang.invoke.Invokers$Holder.linkToTargetMethod(java.lang.Object, java.lang.Object, java.lang.Object, int, java.lang.Object, java.lang.Object)'> (0x00000000846588e0) 
thrown [s\open\src\hotspot\share\interpreter\linkResolver.cpp, line 759]
Event: 42.583 Thread 0x000001a3f6e79750 Implicit null exception at 0x000001a3a239ed8f to 0x000001a3a239f3a0
Event: 42.583 Thread 0x000001a3f6e79750 Implicit null exception at 0x000001a3a239df94 to 0x000001a3a239e5d4
Event: 43.154 Thread 0x000001a3f6e79750 Exception <a 'java/lang/ClassNotFoundException'{0x0000000087b2fd70}: sun/misc/SharedSecrets> (0x0000000087b2fd70) 
thrown [s\open\src\hotspot\share\classfile\systemDictionary.cpp, line 256]
Event: 43.154 Thread 0x000001a3f6e79750 Exception <a 'java/lang/ClassNotFoundException'{0x0000000087b31348}: org/gradle/api/internal/plugins/DefaultObjectConfigurationActionBeanInfo> (0x0000000087b31348) 
thrown [s\open\src\hotspot\share\classfile\systemDictionary.cpp, line 256]
Event: 43.156 Thread 0x000001a3f6e79750 Exception <a 'java/lang/ClassNotFoundException'{0x0000000087b464b0}: org/gradle/api/internal/plugins/DefaultObjectConfigurationActionCustomizer> (0x0000000087b464b0) 
thrown [s\open\src\hotspot\share\classfile\systemDictionary.cpp, line 256]
Event: 46.167 Thread 0x000001a3f6e79750 Implicit null exception at 0x000001a3a221b28c to 0x000001a3a221b3be
Event: 46.310 Thread 0x000001a3f6e79750 Implicit null exception at 0x000001a3a24b7dca to 0x000001a3a24b8634
Event: 46.351 Thread 0x000001a3f6e79750 Exception <a 'sun/nio/fs/WindowsException'{0x00000000886ed7d8}> (0x00000000886ed7d8) 
thrown [s\open\src\hotspot\share\prims\jni.cpp, line 516]

VM Operations (20 events):
Event: 43.502 Executing VM operation: G1TryInitiateConcMark
Event: 43.503 Executing VM operation: G1TryInitiateConcMark done
Event: 43.570 Executing VM operation: G1Concurrent
Event: 43.573 Executing VM operation: G1Concurrent done
Event: 43.602 Executing VM operation: G1Concurrent
Event: 43.602 Executing VM operation: G1Concurrent done
Event: 44.519 Executing VM operation: G1CollectForAllocation
Event: 44.522 Executing VM operation: G1CollectForAllocation done
Event: 44.623 Executing VM operation: G1CollectForAllocation
Event: 44.626 Executing VM operation: G1CollectForAllocation done
Event: 45.633 Executing VM operation: Cleanup
Event: 45.633 Executing VM operation: Cleanup done
Event: 45.982 Executing VM operation: HandshakeAllThreads
Event: 45.982 Executing VM operation: HandshakeAllThreads done
Event: 46.229 Executing VM operation: G1CollectForAllocation
Event: 46.235 Executing VM operation: G1CollectForAllocation done
Event: 46.298 Executing VM operation: G1Concurrent
Event: 46.303 Executing VM operation: G1Concurrent done
Event: 46.331 Executing VM operation: G1Concurrent
Event: 46.332 Executing VM operation: G1Concurrent done

Events (20 events):
Event: 46.213 loading class java/security/interfaces/ECKey done
Event: 46.213 loading class java/security/interfaces/XECKey
Event: 46.213 loading class java/security/interfaces/XECKey done
Event: 46.213 loading class sun/security/util/KeyUtil
Event: 46.213 loading class sun/security/util/KeyUtil done
Event: 46.213 loading class sun/security/util/Length
Event: 46.213 loading class sun/security/util/Length done
Event: 46.213 loading class javax/crypto/SecretKey
Event: 46.213 loading class javax/crypto/SecretKey done
Event: 46.213 loading class java/util/Base64
Event: 46.213 loading class java/util/Base64 done
Event: 46.213 loading class java/util/Base64$Decoder
Event: 46.214 loading class java/util/Base64$Decoder done
Event: 46.214 loading class java/util/Base64$Encoder
Event: 46.214 loading class java/util/Base64$Encoder done
Event: 46.215 loading class java/util/jar/JarVerifier$VerifierStream
Event: 46.215 loading class java/util/jar/JarVerifier$VerifierStream done
Event: 46.215 loading class sun/security/util/ManifestEntryVerifier$SunProviderHolder
Event: 46.215 loading class sun/security/util/ManifestEntryVerifier$SunProviderHolder done
Event: 46.330 Thread 0x000001a3fa797b70 Thread added: 0x000001a3fa797b70


Dynamic libraries:
0x00007ff6da180000 - 0x00007ff6da190000 	C:\Program Files\Java\jdk-17\bin\java.exe
0x00007ffee35a0000 - 0x00007ffee3808000 	C:\WINDOWS\SYSTEM32\ntdll.dll
0x00007ffee2370000 - 0x00007ffee2439000 	C:\WINDOWS\System32\KERNEL32.DLL
0x00007ffee0250000 - 0x00007ffee0641000 	C:\WINDOWS\System32\KERNELBASE.dll
0x00007ffee0780000 - 0x00007ffee08cb000 	C:\WINDOWS\System32\ucrtbase.dll
0x00007ffebc470000 - 0x00007ffebc489000 	C:\Program Files\Java\jdk-17\bin\jli.dll
0x00007ffee2900000 - 0x00007ffee29b4000 	C:\WINDOWS\System32\ADVAPI32.dll
0x00007ffee2bf0000 - 0x00007ffee2c99000 	C:\WINDOWS\System32\msvcrt.dll
0x00007ffee2600000 - 0x00007ffee26a6000 	C:\WINDOWS\System32\sechost.dll
0x00007ffee1da0000 - 0x00007ffee1eb8000 	C:\WINDOWS\System32\RPCRT4.dll
0x00007ffee2730000 - 0x00007ffee28f6000 	C:\WINDOWS\System32\USER32.dll
0x00007ffedfff0000 - 0x00007ffee0017000 	C:\WINDOWS\System32\win32u.dll
0x00007ffee2330000 - 0x00007ffee235b000 	C:\WINDOWS\System32\GDI32.dll
0x00007ffee0650000 - 0x00007ffee077b000 	C:\WINDOWS\System32\gdi32full.dll
0x00007ffee01a0000 - 0x00007ffee0243000 	C:\WINDOWS\System32\msvcp_win.dll
0x00007ffebc450000 - 0x00007ffebc46b000 	C:\Program Files\Java\jdk-17\bin\VCRUNTIME140.dll
0x00007ffec5e10000 - 0x00007ffec60a3000 	C:\WINDOWS\WinSxS\amd64_microsoft.windows.common-controls_6595b64144ccf1df_6.0.26100.7824_none_3e0870b2e3345462\COMCTL32.dll
0x00007ffecf6c0000 - 0x00007ffecf6cb000 	C:\WINDOWS\SYSTEM32\VERSION.dll
0x00007ffee26f0000 - 0x00007ffee2721000 	C:\WINDOWS\System32\IMM32.DLL
0x00007ffec2d10000 - 0x00007ffec2d1c000 	C:\Program Files\Java\jdk-17\bin\vcruntime140_1.dll
0x00007ffe86e90000 - 0x00007ffe86f1e000 	C:\Program Files\Java\jdk-17\bin\msvcp140.dll
0x00007ffe15e60000 - 0x00007ffe16a40000 	C:\Program Files\Java\jdk-17\bin\server\jvm.dll
0x00007ffee3550000 - 0x00007ffee3558000 	C:\WINDOWS\System32\PSAPI.DLL
0x00007ffec2c20000 - 0x00007ffec2c2a000 	C:\WINDOWS\SYSTEM32\WSOCK32.dll
0x00007ffee1340000 - 0x00007ffee13b4000 	C:\WINDOWS\System32\WS2_32.dll
0x00007ffed6850000 - 0x00007ffed6885000 	C:\WINDOWS\SYSTEM32\WINMM.dll
0x00007ffedec20000 - 0x00007ffedec3b000 	C:\WINDOWS\SYSTEM32\kernel.appcore.dll
0x00007ffec2b90000 - 0x00007ffec2b9a000 	C:\Program Files\Java\jdk-17\bin\jimage.dll
0x00007ffedddc0000 - 0x00007ffede002000 	C:\WINDOWS\SYSTEM32\DBGHELP.DLL
0x00007ffee1fa0000 - 0x00007ffee2326000 	C:\WINDOWS\System32\combase.dll
0x00007ffee24b0000 - 0x00007ffee2587000 	C:\WINDOWS\System32\OLEAUT32.dll
0x00007ffeba6f0000 - 0x00007ffeba72b000 	C:\WINDOWS\SYSTEM32\dbgcore.DLL
0x00007ffedfe80000 - 0x00007ffedff25000 	C:\WINDOWS\System32\bcryptPrimitives.dll
0x00007ffea7750000 - 0x00007ffea775e000 	C:\Program Files\Java\jdk-17\bin\instrument.dll
0x00007ffea7b80000 - 0x00007ffea7ba5000 	C:\Program Files\Java\jdk-17\bin\java.dll
0x00007ffe68d10000 - 0x00007ffe68de7000 	C:\Program Files\Java\jdk-17\bin\jsvml.dll
0x00007ffee1460000 - 0x00007ffee1bb2000 	C:\WINDOWS\System32\SHELL32.dll
0x00007ffee11d0000 - 0x00007ffee133a000 	C:\WINDOWS\System32\wintypes.dll
0x00007ffee0960000 - 0x00007ffee11c3000 	C:\WINDOWS\System32\windows.storage.dll
0x00007ffee2ca0000 - 0x00007ffee2d96000 	C:\WINDOWS\System32\SHCORE.dll
0x00007ffee2590000 - 0x00007ffee25f7000 	C:\WINDOWS\System32\shlwapi.dll
0x00007ffedfda0000 - 0x00007ffedfdc9000 	C:\WINDOWS\SYSTEM32\profapi.dll
0x00007ffea7580000 - 0x00007ffea7598000 	C:\Program Files\Java\jdk-17\bin\zip.dll
0x00007ffeba860000 - 0x00007ffeba879000 	C:\Program Files\Java\jdk-17\bin\net.dll
0x00007ffecfeb0000 - 0x00007ffecffd7000 	C:\WINDOWS\SYSTEM32\WINHTTP.dll
0x00007ffedf190000 - 0x00007ffedf1fb000 	C:\WINDOWS\system32\mswsock.dll
0x00007ffea90f0000 - 0x00007ffea9106000 	C:\Program Files\Java\jdk-17\bin\nio.dll
0x00007ffeae2c0000 - 0x00007ffeae2d0000 	C:\Program Files\Java\jdk-17\bin\verify.dll
0x00007ffed8a00000 - 0x00007ffed8a27000 	C:\Users\sohai\.gradle\native\c067742578af261105cb4f569cf0c3c89f3d7b1fecec35dd04571415982c5e48\windows-amd64\native-platform.dll
0x00007ffe8bf90000 - 0x00007ffe8c0d4000 	C:\Users\sohai\.gradle\native\38dada09dfb8b06ba9b0570ebf7e218e3eb74d4ef43ca46872605cf95ebc2f47\windows-amd64\native-platform-file-events.dll
0x00007ffed8b20000 - 0x00007ffed8b2a000 	C:\Program Files\Java\jdk-17\bin\management.dll
0x00007ffec30f0000 - 0x00007ffec30fb000 	C:\Program Files\Java\jdk-17\bin\management_ext.dll
0x00007ffedf460000 - 0x00007ffedf47b000 	C:\WINDOWS\SYSTEM32\CRYPTSP.dll
0x00007ffedeb80000 - 0x00007ffedebb9000 	C:\WINDOWS\system32\rsaenh.dll
0x00007ffedf240000 - 0x00007ffedf26b000 	C:\WINDOWS\SYSTEM32\USERENV.dll
0x00007ffedfd70000 - 0x00007ffedfd9a000 	C:\WINDOWS\SYSTEM32\bcrypt.dll
0x00007ffedf480000 - 0x00007ffedf48c000 	C:\WINDOWS\SYSTEM32\CRYPTBASE.dll
0x00007ffede6d0000 - 0x00007ffede704000 	C:\WINDOWS\SYSTEM32\IPHLPAPI.DLL
0x00007ffee13c0000 - 0x00007ffee13ca000 	C:\WINDOWS\System32\NSI.dll
0x00007ffed6820000 - 0x00007ffed683e000 	C:\WINDOWS\SYSTEM32\dhcpcsvc6.DLL
0x00007ffed66e0000 - 0x00007ffed6703000 	C:\WINDOWS\SYSTEM32\dhcpcsvc.DLL
0x00007ffede7b0000 - 0x00007ffede8dc000 	C:\WINDOWS\SYSTEM32\DNSAPI.dll
0x00007ffe99c30000 - 0x00007ffe99c3e000 	C:\Program Files\Java\jdk-17\bin\sunmscapi.dll
0x00007ffee0020000 - 0x00007ffee0197000 	C:\WINDOWS\System32\CRYPT32.dll
0x00007ffedf680000 - 0x00007ffedf6b0000 	C:\WINDOWS\SYSTEM32\ncrypt.dll
0x00007ffedf630000 - 0x00007ffedf66f000 	C:\WINDOWS\SYSTEM32\NTASN1.dll
0x00007ffe9e130000 - 0x00007ffe9e138000 	C:\WINDOWS\system32\wshunix.dll

dbghelp: loaded successfully - version: 4.0.5 - missing functions: none
symbol engine: initialized successfully - sym options: 0x614 - pdb path: .;C:\Program Files\Java\jdk-17\bin;C:\WINDOWS\SYSTEM32;C:\WINDOWS\WinSxS\amd64_microsoft.windows.common-controls_6595b64144ccf1df_6.0.26100.7824_none_3e0870b2e3345462;C:\Program Files\Java\jdk-17\bin\server;C:\Users\sohai\.gradle\native\c067742578af261105cb4f569cf0c3c89f3d7b1fecec35dd04571415982c5e48\windows-amd64;C:\Users\sohai\.gradle\native\38dada09dfb8b06ba9b0570ebf7e218e3eb74d4ef43ca46872605cf95ebc2f47\windows-amd64

VM Arguments:
jvm_args: --add-opens=java.base/java.util=ALL-UNNAMED --add-opens=java.base/java.lang=ALL-UNNAMED --add-opens=java.base/java.lang.invoke=ALL-UNNAMED --add-opens=java.prefs/java.util.prefs=ALL-UNNAMED --add-opens=java.base/java.nio.charset=ALL-UNNAMED --add-opens=java.base/java.net=ALL-UNNAMED --add-opens=java.base/java.util.concurrent.atomic=ALL-UNNAMED -Xmx2048m -Dfile.encoding=UTF-8 -Duser.country=US -Duser.language=en -Duser.variant -javaagent:C:\Users\sohai\.gradle\wrapper\dists\gradle-8.7-bin\bhs2wmbdwecv87pi65oeuq5iu\gradle-8.7\lib\agents\gradle-instrumentation-agent-8.7.jar 
java_command: org.gradle.launcher.daemon.bootstrap.GradleDaemon 8.7
java_class_path (initial): C:\Users\sohai\.gradle\wrapper\dists\gradle-8.7-bin\bhs2wmbdwecv87pi65oeuq5iu\gradle-8.7\lib\gradle-launcher-8.7.jar
Launcher Type: SUN_STANDARD

[Global flags]
     intx CICompilerCount                          = 3                                         {product} {ergonomic}
     uint ConcGCThreads                            = 1                                         {product} {ergonomic}
     uint G1ConcRefinementThreads                  = 4                                         {product} {ergonomic}
   size_t G1HeapRegionSize                         = 1048576                                   {product} {ergonomic}
    uintx GCDrainStackTargetSize                   = 64                                        {product} {ergonomic}
   size_t InitialHeapSize                          = 130023424                                 {product} {ergonomic}
   size_t MarkStackSize                            = 4194304                                   {product} {ergonomic}
   size_t MaxHeapSize                              = 2147483648                                {product} {command line}
   size_t MaxNewSize                               = 1287651328                                {product} {ergonomic}
   size_t MinHeapDeltaBytes                        = 1048576                                   {product} {ergonomic}
   size_t MinHeapSize                              = 8388608                                   {product} {ergonomic}
    uintx NonNMethodCodeHeapSize                   = 5832780                                {pd product} {ergonomic}
    uintx NonProfiledCodeHeapSize                  = 122912730                              {pd product} {ergonomic}
    uintx ProfiledCodeHeapSize                     = 122912730                              {pd product} {ergonomic}
    uintx ReservedCodeCacheSize                    = 251658240                              {pd product} {ergonomic}
     bool SegmentedCodeCache                       = true                                      {product} {ergonomic}
   size_t SoftMaxHeapSize                          = 2147483648                             {manageable} {ergonomic}
     bool UseCompressedClassPointers               = true                           {product lp64_product} {ergonomic}
     bool UseCompressedOops                        = true                           {product lp64_product} {ergonomic}
     bool UseG1GC                                  = true                                      {product} {ergonomic}
     bool UseLargePagesIndividualAllocation        = false                                  {pd product} {ergonomic}

Logging:
Log output configuration:
 #0: stdout all=warning uptime,level,tags
 #1: stderr all=off uptime,level,tags

Environment Variables:
CLASSPATH=c:\Users\sohai\Antigravity\TransactionTracker\\gradle\wrapper\gradle-wrapper.jar
PATH=C:\Program Files\Java\jdk-17\bin;C:\Program Files\Common Files\Oracle\Java\javapath;C:\Program Files\Eclipse Adoptium\jdk-21.0.3.9-hotspot\bin;C:\WINDOWS\system32;C:\WINDOWS;C:\WINDOWS\System32\Wbem;C:\WINDOWS\System32\WindowsPowerShell\v1.0\;C:\WINDOWS\System32\OpenSSH\;C:\Program Files\Java\jdk-22\bin;C:\Program Files\dotnet\;C:\Program Files\Git\cmd;C:\Program Files\PowerToys\DSCModules\;C:\Program Files\nodejs\;C:\Program Files\cursor\resources\app\bin;C:\Users\sohai\AppData\Local\Microsoft\WindowsApps;C:\Users\sohai\AppData\Local\Programs\Microsoft VS Code\bin;C:\Users\sohai\AppData\Local\GitHubDesktop\bin;C:\Users\sohai\AppData\Roaming\npm;C:\Users\sohai\AppData\Local\Programs\Antigravity\bin
USERNAME=sohai
OS=Windows_NT
PROCESSOR_IDENTIFIER=Intel64 Family 6 Model 140 Stepping 2, GenuineIntel



---------------  S Y S T E M  ---------------

OS:
 Windows 11 , 64 bit Build 26100 (10.0.26100.7705)
OS uptime: 1 days 3:33 hours
Hyper-V role detected

CPU: total 4 (initial active 4) (2 cores per cpu, 2 threads per core) family 6 model 140 stepping 2 microcode 0x22, cx8, cmov, fxsr, ht, mmx, 3dnowpref, sse, sse2, sse3, ssse3, sse4.1, sse4.2, popcnt, lzcnt, tsc, tscinvbit, avx, avx2, aes, erms, clmul, bmi1, bmi2, adx, avx512f, avx512dq, avx512cd, avx512bw, avx512vl, sha, fma, vzeroupper, avx512_vpopcntdq, avx512_vpclmulqdq, avx512_vaes, avx512_vnni, clflush, clflushopt, clwb, avx512_vbmi2, avx512_vbmi, hv

Memory: 4k page, system-wide physical 7894M (757M free)
TotalPageFile size 21825M (AvailPageFile size 260M)
current process WorkingSet (physical memory assigned to process): 288M, peak: 288M
current process commit charge ("private bytes"): 363M, peak: 365M

vm_info: Java HotSpot(TM) 64-Bit Server VM (17.0.12+8-LTS-286) for windows-amd64 JRE (17.0.12+8-LTS-286), built on Jun  5 2024 06:46:59 by "mach5one" with MS VC++ 17.6 (VS2022)

END.
